# JRE version: OpenJDK Runtime Environment Temurin-21.0.10+7 (21.0.10+7) (build 21.0.10+7-LTS)
# Java VM: OpenJDK 64-Bit Server VM Temurin-21.0.10+7 (21.0.10+7-LTS, mixed mode, sharing, tiered, compressed oops, compressed class ptrs, parallel gc, windows-amd64)
GC Precious Log:
 CardTable entry size: 512
 CPUs: 8 total, 8 available
 Memory: 8035M
 Large Page Support: Disabled
 NUMA Support: Disabled
 Compressed Oops: Enabled (32-bit)
 Alignments: Space 512K, Generation 512K, Heap 2M
 Heap Min Capacity: 100M
 Heap Initial Capacity: 100M
 Heap Max Capacity: 2G
 Pre-touch: Disabled
 Parallel Workers: 8
Heap:
 PSYoungGen      total 15872K, used 549K [0x00000000d5580000, 0x00000000d6880000, 0x0000000100000000)
  eden space 15360K, 1% used [0x00000000d5580000,0x00000000d55c9748,0x00000000d6480000)
  from space 512K, 50% used [0x00000000d6800000,0x00000000d6840000,0x00000000d6880000)
  to   space 512K, 0% used [0x00000000d6780000,0x00000000d6780000,0x00000000d6800000)
 ParOldGen       total 68608K, used 66047K [0x0000000080000000, 0x0000000084300000, 0x00000000d5580000)
  object space 68608K, 96% used [0x0000000080000000,0x000000008407fd90,0x0000000084300000)
 Metaspace       used 73136K, committed 74624K, reserved 1114112K
  class space    used 8532K, committed 9216K, reserved 1048576K
GC Heap History (20 events):
Event: 138.554 GC heap before
{Heap before GC invocations=48 (full 3):
 PSYoungGen      total 16384K, used 16353K [0x00000000d5580000, 0x00000000d6a00000, 0x0000000100000000)
  eden space 15360K, 100% used [0x00000000d5580000,0x00000000d6480000,0x00000000d6480000)
  from space 1024K, 97% used [0x00000000d6700000,0x00000000d67f86f0,0x00000000d6800000)
  to   space 2560K, 0% used [0x00000000d6480000,0x00000000d6480000,0x00000000d6700000)
 ParOldGen       total 68608K, used 60789K [0x0000000080000000, 0x0000000084300000, 0x00000000d5580000)
  object space 68608K, 88% used [0x0000000080000000,0x0000000083b5d458,0x0000000084300000)
 Metaspace       used 69413K, committed 70912K, reserved 1114112K
  class space    used 8221K, committed 8832K, reserved 1048576K
}
Event: 138.563 GC heap after
{Heap after GC invocations=48 (full 3):
 PSYoungGen      total 17920K, used 2528K [0x00000000d5580000, 0x00000000d6c80000, 0x0000000100000000)
  eden space 15360K, 0% used [0x00000000d5580000,0x00000000d5580000,0x00000000d6480000)
  from space 2560K, 98% used [0x00000000d6480000,0x00000000d66f8020,0x00000000d6700000)
  to   space 4096K, 0% used [0x00000000d6880000,0x00000000d6880000,0x00000000d6c80000)
 ParOldGen       total 68608K, used 61966K [0x0000000080000000, 0x0000000084300000, 0x00000000d5580000)
  object space 68608K, 90% used [0x0000000080000000,0x0000000083c83b48,0x0000000084300000)
 Metaspace       used 69413K, committed 70912K, reserved 1114112K
  class space    used 8221K, committed 8832K, reserved 1048576K
}
Event: 139.579 GC heap before
{Heap before GC invocations=49 (full 3):
 PSYoungGen      total 17920K, used 17876K [0x00000000d5580000, 0x00000000d6c80000, 0x0000000100000000)
  eden space 15360K, 99% used [0x00000000d5580000,0x00000000d647d118,0x00000000d6480000)
  from space 2560K, 98% used [0x00000000d6480000,0x00000000d66f8020,0x00000000d6700000)
  to   space 4096K, 0% used [0x00000000d6880000,0x00000000d6880000,0x00000000d6c80000)
 ParOldGen       total 68608K, used 61966K [0x0000000080000000, 0x0000000084300000, 0x00000000d5580000)
  object space 68608K, 90% used [0x0000000080000000,0x0000000083c83b48,0x0000000084300000)
 Metaspace       used 70757K, committed 72256K, reserved 1114112K
  class space    used 8345K, committed 8960K, reserved 1048576K
}
Event: 139.591 GC heap after
{Heap after GC invocations=49 (full 3):
 PSYoungGen      total 16384K, used 986K [0x00000000d5580000, 0x00000000d6980000, 0x0000000100000000)
  eden space 15360K, 0% used [0x00000000d5580000,0x00000000d5580000,0x00000000d6480000)
  from space 1024K, 96% used [0x00000000d6880000,0x00000000d6976b50,0x00000000d6980000)
  to   space 2048K, 0% used [0x00000000d6580000,0x00000000d6580000,0x00000000d6780000)
 ParOldGen       total 68608K, used 64431K [0x0000000080000000, 0x0000000084300000, 0x00000000d5580000)
  object space 68608K, 93% used [0x0000000080000000,0x0000000083eebc48,0x0000000084300000)
 Metaspace       used 70757K, committed 72256K, reserved 1114112K
  class space    used 8345K, committed 8960K, reserved 1048576K
}
Event: 15285.244 GC heap before
{Heap before GC invocations=50 (full 3):
 PSYoungGen      total 16384K, used 16346K [0x00000000d5580000, 0x00000000d6980000, 0x0000000100000000)
  eden space 15360K, 100% used [0x00000000d5580000,0x00000000d6480000,0x00000000d6480000)
  from space 1024K, 96% used [0x00000000d6880000,0x00000000d6976b50,0x00000000d6980000)
  to   space 2048K, 0% used [0x00000000d6580000,0x00000000d6580000,0x00000000d6780000)
 ParOldGen       total 68608K, used 64431K [0x0000000080000000, 0x0000000084300000, 0x00000000d5580000)
  object space 68608K, 93% used [0x0000000080000000,0x0000000083eebc48,0x0000000084300000)
 Metaspace       used 71885K, committed 73472K, reserved 1114112K
  class space    used 8455K, committed 9152K, reserved 1048576K
}
Event: 15285.334 GC heap after
{Heap after GC invocations=50 (full 3):
 PSYoungGen      total 17408K, used 662K [0x00000000d5580000, 0x00000000d6900000, 0x0000000100000000)
  eden space 15360K, 0% used [0x00000000d5580000,0x00000000d5580000,0x00000000d6480000)
  from space 2048K, 32% used [0x00000000d6580000,0x00000000d66258e0,0x00000000d6780000)
  to   space 1024K, 0% used [0x00000000d6800000,0x00000000d6800000,0x00000000d6900000)
 ParOldGen       total 68608K, used 64844K [0x0000000080000000, 0x0000000084300000, 0x00000000d5580000)
  object space 68608K, 94% used [0x0000000080000000,0x0000000083f53128,0x0000000084300000)
 Metaspace       used 71885K, committed 73472K, reserved 1114112K
  class space    used 8455K, committed 9152K, reserved 1048576K
}
Event: 15286.648 GC heap before
{Heap before GC invocations=51 (full 3):
 PSYoungGen      total 17408K, used 16022K [0x00000000d5580000, 0x00000000d6900000, 0x0000000100000000)
  eden space 15360K, 100% used [0x00000000d5580000,0x00000000d6480000,0x00000000d6480000)
  from space 2048K, 32% used [0x00000000d6580000,0x00000000d66258e0,0x00000000d6780000)
  to   space 1024K, 0% used [0x00000000d6800000,0x00000000d6800000,0x00000000d6900000)
 ParOldGen       total 68608K, used 64844K [0x0000000080000000, 0x0000000084300000, 0x00000000d5580000)
  object space 68608K, 94% used [0x0000000080000000,0x0000000083f53128,0x0000000084300000)
 Metaspace       used 71968K, committed 73536K, reserved 1114112K
  class space    used 8455K, committed 9152K, reserved 1048576K
}
Event: 15286.653 GC heap after
{Heap after GC invocations=51 (full 3):
 PSYoungGen      total 15872K, used 224K [0x00000000d5580000, 0x00000000d6880000, 0x0000000100000000)
  eden space 15360K, 0% used [0x00000000d5580000,0x00000000d5580000,0x00000000d6480000)
  from space 512K, 43% used [0x00000000d6800000,0x00000000d6838000,0x00000000d6880000)
  to   space 512K, 0% used [0x00000000d6780000,0x00000000d6780000,0x00000000d6800000)
 ParOldGen       total 68608K, used 65313K [0x0000000080000000, 0x0000000084300000, 0x00000000d5580000)
  object space 68608K, 95% used [0x0000000080000000,0x0000000083fc85b0,0x0000000084300000)
 Metaspace       used 71968K, committed 73536K, reserved 1114112K
  class space    used 8455K, committed 9152K, reserved 1048576K
}
Event: 15288.092 GC heap before
{Heap before GC invocations=52 (full 3):
 PSYoungGen      total 15872K, used 15583K [0x00000000d5580000, 0x00000000d6880000, 0x0000000100000000)
  eden space 15360K, 99% used [0x00000000d5580000,0x00000000d647fff0,0x00000000d6480000)
  from space 512K, 43% used [0x00000000d6800000,0x00000000d6838000,0x00000000d6880000)
  to   space 512K, 0% used [0x00000000d6780000,0x00000000d6780000,0x00000000d6800000)
 ParOldGen       total 68608K, used 65313K [0x0000000080000000, 0x0000000084300000, 0x00000000d5580000)
  object space 68608K, 95% used [0x0000000080000000,0x0000000083fc85b0,0x0000000084300000)
 Metaspace       used 72380K, committed 73920K, reserved 1114112K
  class space    used 8488K, committed 9152K, reserved 1048576K
}
Event: 15288.098 GC heap after
{Heap after GC invocations=52 (full 3):
 PSYoungGen      total 15872K, used 498K [0x00000000d5580000, 0x00000000d6880000, 0x0000000100000000)
  eden space 15360K, 0% used [0x00000000d5580000,0x00000000d5580000,0x00000000d6480000)
  from space 512K, 97% used [0x00000000d6780000,0x00000000d67fc9f0,0x00000000d6800000)
  to   space 512K, 0% used [0x00000000d6800000,0x00000000d6800000,0x00000000d6880000)
 ParOldGen       total 68608K, used 65455K [0x0000000080000000, 0x0000000084300000, 0x00000000d5580000)
  object space 68608K, 95% used [0x0000000080000000,0x0000000083febd70,0x0000000084300000)
 Metaspace       used 72380K, committed 73920K, reserved 1114112K
  class space    used 8488K, committed 9152K, reserved 1048576K
}
Event: 21713.170 GC heap before
{Heap before GC invocations=53 (full 3):
 PSYoungGen      total 15872K, used 15858K [0x00000000d5580000, 0x00000000d6880000, 0x0000000100000000)
  eden space 15360K, 100% used [0x00000000d5580000,0x00000000d6480000,0x00000000d6480000)
  from space 512K, 97% used [0x00000000d6780000,0x00000000d67fc9f0,0x00000000d6800000)
  to   space 512K, 0% used [0x00000000d6800000,0x00000000d6800000,0x00000000d6880000)
 ParOldGen       total 68608K, used 65455K [0x0000000080000000, 0x0000000084300000, 0x00000000d5580000)
  object space 68608K, 95% used [0x0000000080000000,0x0000000083febd70,0x0000000084300000)
 Metaspace       used 72840K, committed 74368K, reserved 1114112K
  class space    used 8530K, committed 9216K, reserved 1048576K
}
Event: 21713.242 GC heap after
{Heap after GC invocations=53 (full 3):
 PSYoungGen      total 15872K, used 288K [0x00000000d5580000, 0x00000000d6880000, 0x0000000100000000)
  eden space 15360K, 0% used [0x00000000d5580000,0x00000000d5580000,0x00000000d6480000)
  from space 512K, 56% used [0x00000000d6800000,0x00000000d6848000,0x00000000d6880000)
  to   space 512K, 0% used [0x00000000d6780000,0x00000000d6780000,0x00000000d6800000)
 ParOldGen       total 68608K, used 65743K [0x0000000080000000, 0x0000000084300000, 0x00000000d5580000)
  object space 68608K, 95% used [0x0000000080000000,0x0000000084033d90,0x0000000084300000)
 Metaspace       used 72840K, committed 74368K, reserved 1114112K
  class space    used 8530K, committed 9216K, reserved 1048576K
}
Event: 21715.119 GC heap before
{Heap before GC invocations=54 (full 3):
 PSYoungGen      total 15872K, used 15648K [0x00000000d5580000, 0x00000000d6880000, 0x0000000100000000)
  eden space 15360K, 100% used [0x00000000d5580000,0x00000000d6480000,0x00000000d6480000)
  from space 512K, 56% used [0x00000000d6800000,0x00000000d6848000,0x00000000d6880000)
  to   space 512K, 0% used [0x00000000d6780000,0x00000000d6780000,0x00000000d6800000)
 ParOldGen       total 68608K, used 65743K [0x0000000080000000, 0x0000000084300000, 0x00000000d5580000)
  object space 68608K, 95% used [0x0000000080000000,0x0000000084033d90,0x0000000084300000)
 Metaspace       used 72873K, committed 74432K, reserved 1114112K
  class space    used 8531K, committed 9216K, reserved 1048576K
}
Event: 21715.121 GC heap after
{Heap after GC invocations=54 (full 3):
 PSYoungGen      total 15872K, used 128K [0x00000000d5580000, 0x00000000d6880000, 0x0000000100000000)
  eden space 15360K, 0% used [0x00000000d5580000,0x00000000d5580000,0x00000000d6480000)
  from space 512K, 25% used [0x00000000d6780000,0x00000000d67a0000,0x00000000d6800000)
  to   space 512K, 0% used [0x00000000d6800000,0x00000000d6800000,0x00000000d6880000)
 ParOldGen       total 68608K, used 65855K [0x0000000080000000, 0x0000000084300000, 0x00000000d5580000)
  object space 68608K, 95% used [0x0000000080000000,0x000000008404fd90,0x0000000084300000)
 Metaspace       used 72873K, committed 74432K, reserved 1114112K
  class space    used 8531K, committed 9216K, reserved 1048576K
}
Event: 23855.037 GC heap before
{Heap before GC invocations=55 (full 3):
 PSYoungGen      total 15872K, used 15488K [0x00000000d5580000, 0x00000000d6880000, 0x0000000100000000)
  eden space 15360K, 100% used [0x00000000d5580000,0x00000000d6480000,0x00000000d6480000)
  from space 512K, 25% used [0x00000000d6780000,0x00000000d67a0000,0x00000000d6800000)
  to   space 512K, 0% used [0x00000000d6800000,0x00000000d6800000,0x00000000d6880000)
 ParOldGen       total 68608K, used 65855K [0x0000000080000000, 0x0000000084300000, 0x00000000d5580000)
  object space 68608K, 95% used [0x0000000080000000,0x000000008404fd90,0x0000000084300000)
 Metaspace       used 73038K, committed 74560K, reserved 1114112K
  class space    used 8532K, committed 9216K, reserved 1048576K
}
Event: 23855.113 GC heap after
{Heap after GC invocations=55 (full 3):
 PSYoungGen      total 15872K, used 256K [0x00000000d5580000, 0x00000000d6880000, 0x0000000100000000)
  eden space 15360K, 0% used [0x00000000d5580000,0x00000000d5580000,0x00000000d6480000)
  from space 512K, 50% used [0x00000000d6800000,0x00000000d6840000,0x00000000d6880000)
  to   space 512K, 0% used [0x00000000d6780000,0x00000000d6780000,0x00000000d6800000)
 ParOldGen       total 68608K, used 65911K [0x0000000080000000, 0x0000000084300000, 0x00000000d5580000)
  object space 68608K, 96% used [0x0000000080000000,0x000000008405dd90,0x0000000084300000)
 Metaspace       used 73038K, committed 74560K, reserved 1114112K
  class space    used 8532K, committed 9216K, reserved 1048576K
}
Event: 23856.517 GC heap before
{Heap before GC invocations=56 (full 3):
 PSYoungGen      total 15872K, used 15616K [0x00000000d5580000, 0x00000000d6880000, 0x0000000100000000)
  eden space 15360K, 100% used [0x00000000d5580000,0x00000000d6480000,0x00000000d6480000)
  from space 512K, 50% used [0x00000000d6800000,0x00000000d6840000,0x00000000d6880000)
  to   space 512K, 0% used [0x00000000d6780000,0x00000000d6780000,0x00000000d6800000)
 ParOldGen       total 68608K, used 65911K [0x0000000080000000, 0x0000000084300000, 0x00000000d5580000)
  object space 68608K, 96% used [0x0000000080000000,0x000000008405dd90,0x0000000084300000)
 Metaspace       used 73082K, committed 74560K, reserved 1114112K
  class space    used 8532K, committed 9216K, reserved 1048576K
}
Event: 23856.519 GC heap after
{Heap after GC invocations=56 (full 3):
 PSYoungGen      total 15872K, used 192K [0x00000000d5580000, 0x00000000d6880000, 0x0000000100000000)
  eden space 15360K, 0% used [0x00000000d5580000,0x00000000d5580000,0x00000000d6480000)
  from space 512K, 37% used [0x00000000d6780000,0x00000000d67b0000,0x00000000d6800000)
  to   space 512K, 0% used [0x00000000d6800000,0x00000000d6800000,0x00000000d6880000)
 ParOldGen       total 68608K, used 65991K [0x0000000080000000, 0x0000000084300000, 0x00000000d5580000)
  object space 68608K, 96% used [0x0000000080000000,0x0000000084071d90,0x0000000084300000)
 Metaspace       used 73082K, committed 74560K, reserved 1114112K
  class space    used 8532K, committed 9216K, reserved 1048576K
}
Event: 30066.036 GC heap before
{Heap before GC invocations=57 (full 3):
 PSYoungGen      total 15872K, used 15551K [0x00000000d5580000, 0x00000000d6880000, 0x0000000100000000)
  eden space 15360K, 99% used [0x00000000d5580000,0x00000000d647fff0,0x00000000d6480000)
  from space 512K, 37% used [0x00000000d6780000,0x00000000d67b0000,0x00000000d6800000)
  to   space 512K, 0% used [0x00000000d6800000,0x00000000d6800000,0x00000000d6880000)
 ParOldGen       total 68608K, used 65991K [0x0000000080000000, 0x0000000084300000, 0x00000000d5580000)
  object space 68608K, 96% used [0x0000000080000000,0x0000000084071d90,0x0000000084300000)
 Metaspace       used 73136K, committed 74624K, reserved 1114112K
  class space    used 8532K, committed 9216K, reserved 1048576K
}
Event: 30066.187 GC heap after
{Heap after GC invocations=57 (full 3):
 PSYoungGen      total 15872K, used 256K [0x00000000d5580000, 0x00000000d6880000, 0x0000000100000000)
  eden space 15360K, 0% used [0x00000000d5580000,0x00000000d5580000,0x00000000d6480000)
  from space 512K, 50% used [0x00000000d6800000,0x00000000d6840000,0x00000000d6880000)
  to   space 512K, 0% used [0x00000000d6780000,0x00000000d6780000,0x00000000d6800000)
 ParOldGen       total 68608K, used 66047K [0x0000000080000000, 0x0000000084300000, 0x00000000d5580000)
  object space 68608K, 96% used [0x0000000080000000,0x000000008407fd90,0x0000000084300000)
 Metaspace       used 73136K, committed 74624K, reserved 1114112K
  class space    used 8532K, committed 9216K, reserved 1048576K
}

